
> webredrabbitmedia-nextjs@0.1.0 dev
> next dev -p 8000

 ⚠ Warning: Next.js inferred your workspace root, but it may not be correct.
 We detected multiple lockfiles and selected the directory of /Users/McTomson/package-lock.json as the root directory.
 To silence this warning, set `outputFileTracingRoot` in your Next.js config, or consider removing one of the lockfiles if it's not needed.
   See https://nextjs.org/docs/app/api-reference/config/next-config-js/output#caveats for more information.
 Detected additional lockfiles: 
   * /Users/McTomson/Desktop/Tomson/Websiten Intern/webredrabbitmedia/package-lock.json

   ▲ Next.js 15.5.9
   - Local:        http://localhost:8000
   - Network:      http://10.0.0.39:8000
   - Environments: .env.local
   - Experiments (use with caution):
     · optimizePackageImports

 ✓ Starting...
 ✓ Ready in 5.3s
 ✓ Compiled /middleware in 360ms (114 modules)
 ○ Compiling / ...
 ✓ Compiled / in 2.5s (1342 modules)
 GET / 200 in 10061ms
 GET / 200 in 3418ms
 ○ Compiling /favicon.ico ...
 ✓ Compiled /favicon.ico in 3.7s (1374 modules)
 GET /favicon.ico 200 in 3984ms
 GET /webdesign-kaernten 200 in 4965ms
 ○ Compiling /[slug] ...
 ✓ Compiled /[slug] in 718ms (1407 modules)
 GET /webdesign-klagenfurt 200 in 2038ms
 ○ Compiling /webdesign-wien ...
 ✓ Compiled /webdesign-wien in 1294ms (1414 modules)
 GET /webdesign-wien 200 in 2105ms
 GET /webdesign-st-poelten 200 in 640ms
 GET /webdesign-linz 200 in 241ms
 GET / 200 in 101ms
 GET /webdesign-klagenfurt 200 in 87ms
 GET /webdesign-bregenz 200 in 64ms
 ○ Compiling /tipps/was-kostet-eine-website ...
 ✓ Compiled /tipps/was-kostet-eine-website in 2s (1409 modules)
 GET /tipps/was-kostet-eine-website 200 in 2555ms
 GET /tipps/was-kostet-eine-website 200 in 86ms
 GET / 200 in 87ms
 GET / 200 in 48ms
 ✓ Compiled in 3s (623 modules)
 GET / 200 in 101ms
 ✓ Compiled in 1403ms (1409 modules)
 GET / 200 in 895ms
 ✓ Compiled in 6.9s (1409 modules)
 GET / 200 in 498ms
 ✓ Compiled in 2.5s (1409 modules)
 GET / 200 in 232ms
 ✓ Compiled in 1132ms (1409 modules)
 GET / 200 in 117ms
 ○ Compiling /webdesign-salzburg ...
 ✓ Compiled /webdesign-salzburg in 1846ms (1420 modules)
 GET /webdesign-salzburg 200 in 2981ms
 GET / 200 in 138ms
 ○ Compiling /favicon.ico ...
 ✓ Compiled /favicon.ico in 2.1s (812 modules)
 GET /favicon.ico 200 in 2962ms
 ✓ Compiled in 5s (1420 modules)
 GET / 200 in 974ms
 ⚠ Found a change in next.config.ts. Restarting the server to apply the changes...
   ▲ Next.js 15.5.9
   - Local:        http://localhost:8000
   - Network:      http://10.0.0.39:8000
   - Environments: .env.local
   - Experiments (use with caution):
     · optimizePackageImports

 ✓ Starting...
 ✓ Ready in 2.8s
 ○ Compiling /middleware ...
 ✓ Compiled /middleware in 632ms (114 modules)
 ○ Compiling / ...
 ⨯ ./app/globals.css.webpack[javascript/auto]!=!./node_modules/next/dist/build/webpack/loaders/css-loader/src/index.js??ruleSet[1].rules[14].oneOf[10].use[2]!./node_modules/next/dist/build/webpack/loaders/postcss-loader/src/index.js??ruleSet[1].rules[14].oneOf[10].use[3]!./app/globals.css
Error: Cannot find module '/Users/McTomson/Desktop/Tomson/Websiten Intern/webredrabbitmedia/node_modules/magic-string/dist/magic-string.cjs.js'
Import trace for requested module:
./app/globals.css.webpack[javascript/auto]!=!./node_modules/next/dist/build/webpack/loaders/css-loader/src/index.js??ruleSet[1].rules[14].oneOf[10].use[2]!./node_modules/next/dist/build/webpack/loaders/postcss-loader/src/index.js??ruleSet[1].rules[14].oneOf[10].use[3]!./app/globals.css
./app/globals.css
 ⨯ ./app/globals.css.webpack[javascript/auto]!=!./node_modules/next/dist/build/webpack/loaders/css-loader/src/index.js??ruleSet[1].rules[14].oneOf[10].use[2]!./node_modules/next/dist/build/webpack/loaders/postcss-loader/src/index.js??ruleSet[1].rules[14].oneOf[10].use[3]!./app/globals.css
Error: Cannot find module '/Users/McTomson/Desktop/Tomson/Websiten Intern/webredrabbitmedia/node_modules/magic-string/dist/magic-string.cjs.js'
Import trace for requested module:
./app/globals.css.webpack[javascript/auto]!=!./node_modules/next/dist/build/webpack/loaders/css-loader/src/index.js??ruleSet[1].rules[14].oneOf[10].use[2]!./node_modules/next/dist/build/webpack/loaders/postcss-loader/src/index.js??ruleSet[1].rules[14].oneOf[10].use[3]!./app/globals.css
./app/globals.css
 GET / 500 in 5212ms
 GET / 500 in 51ms
[TypeError: Cannot read properties of undefined (reading '/_app')]
 ⨯ [TypeError: Cannot read properties of undefined (reading '/_app')]
 ⨯ [TypeError: Cannot read properties of undefined (reading '/_app')]
[TypeError: Cannot read properties of undefined (reading '/_app')]
 ⨯ [TypeError: Cannot read properties of undefined (reading '/_app')]
[TypeError: Cannot read properties of undefined (reading '/_app')]
[TypeError: Cannot read properties of undefined (reading '/_app')]
 ⨯ [TypeError: Cannot read properties of undefined (reading '/_app')]
[TypeError: Cannot read properties of undefined (reading '/_app')]
 GET / 500 in 699ms
 GET / 500 in 22ms
[TypeError: Cannot read properties of undefined (reading '/_app')]
 ⨯ [TypeError: Cannot read properties of undefined (reading '/_app')]
 ⨯ [TypeError: Cannot read properties of undefined (reading '/_app')]
[TypeError: Cannot read properties of undefined (reading '/_app')]
 ⨯ [TypeError: Cannot read properties of undefined (reading '/_app')]
[TypeError: Cannot read properties of undefined (reading '/_app')]
[TypeError: Cannot read properties of undefined (reading '/_app')]
 ⨯ [TypeError: Cannot read properties of undefined (reading '/_app')]
[TypeError: Cannot read properties of undefined (reading '/_app')]
 GET / 500 in 145ms
 GET / 500 in 19ms
[TypeError: Cannot read properties of undefined (reading '/_app')]
 ⨯ [TypeError: Cannot read properties of undefined (reading '/_app')]
 ⨯ [TypeError: Cannot read properties of undefined (reading '/_app')]
[TypeError: Cannot read properties of undefined (reading '/_app')]
 ⨯ [TypeError: Cannot read properties of undefined (reading '/_app')]
[TypeError: Cannot read properties of undefined (reading '/_app')]
[TypeError: Cannot read properties of undefined (reading '/_app')]
 ⨯ [TypeError: Cannot read properties of undefined (reading '/_app')]
[TypeError: Cannot read properties of undefined (reading '/_app')]
 GET / 500 in 206ms
 GET / 500 in 70ms
 ✓ Compiled /_error in 1512ms (197 modules)
 ⚠ Found a change in next.config.ts. Restarting the server to apply the changes...
   ▲ Next.js 15.5.9
   - Local:        http://localhost:8000
   - Network:      http://10.0.0.39:8000
   - Environments: .env.local
   - Experiments (use with caution):
     · optimizePackageImports

 ✓ Starting...
 ✓ Ready in 3.2s
 ⚠ Fast Refresh had to perform a full reload due to a runtime error.
 ○ Compiling /middleware ...
 ✓ Compiled /middleware in 8.1s (114 modules)
 ○ Compiling / ...
