Using Node: /Users/McTomson/.nvm/versions/node/v20.19.6/bin/node
   ▲ Next.js 15.5.9
   - Local:        http://localhost:3000
   - Network:      http://10.0.0.39:3000
   - Environments: .env.local
   - Experiments (use with caution):
     · optimizePackageImports

 ✓ Starting...
 ✓ Ready in 1643ms
 ○ Compiling /middleware ...
 ✓ Compiled /middleware in 650ms (114 modules)
 ○ Compiling / ...
 ✓ Compiled / in 6.7s (1356 modules)
 GET / 200 in 8480ms
 ✓ Compiled in 1309ms (719 modules)
 ⚠ Found a change in next.config.ts. Restarting the server to apply the changes...
   ▲ Next.js 15.5.9
   - Local:        http://localhost:3000
   - Network:      http://10.0.0.39:3000
   - Environments: .env.local
   - Experiments (use with caution):
     · optimizePackageImports

 ✓ Starting...
 ✓ Ready in 2.2s
 ○ Compiling /middleware ...
 ✓ Compiled /middleware in 641ms (114 modules)
 ○ Compiling / ...
 ✓ Compiled / in 2.2s (1356 modules)
 HEAD / 200 in 2858ms
 GET / 200 in 245ms
 ○ Compiling /icon.png ...
 ✓ Compiled /icon.png in 611ms (768 modules)
 GET /icon.png?73013a6b54b3d06a 200 in 783ms
 ○ Compiling /tipps ...
 ✓ Compiled /tipps in 709ms (1462 modules)
 GET /tipps 200 in 1323ms
 GET /tipps 200 in 25ms
 ✓ Compiled /_not-found in 479ms (1436 modules)
 GET /images/blog/strategy_meeting_1768272957615.png 404 in 1164ms
 ⨯ The requested resource isn't a valid image for /images/blog/strategy_meeting_1768272957615.png received null
 GET /images/blog/debugging_hero_tech_1768273023735.png 404 in 135ms
 GET /images/blog/diy_vs_agency_hero_1768272925290.png 404 in 138ms
 ⨯ The requested resource isn't a valid image for /images/blog/debugging_hero_tech_1768273023735.png received null
 ⨯ The requested resource isn't a valid image for /images/blog/diy_vs_agency_hero_1768272925290.png received null
 ✓ Compiled in 1429ms (1450 modules)
 GET /tipps 200 in 167ms
 GET /images/blog/diy_vs_agency_hero_1768272925290.png 404 in 592ms
 GET /images/blog/strategy_meeting_1768272957615.png 404 in 602ms
 ⨯ The requested resource isn't a valid image for /images/blog/strategy_meeting_1768272957615.png received null
 ⨯ The requested resource isn't a valid image for /images/blog/diy_vs_agency_hero_1768272925290.png received null
 ✓ Compiled in 2.1s (615 modules)
 GET /tipps 200 in 76ms
 ✓ Compiled in 1378ms (615 modules)
 GET /tipps 200 in 89ms
 ✓ Compiled in 832ms (1445 modules)
 GET /tipps 200 in 240ms
 ✓ Compiled in 373ms (1446 modules)
 GET /tipps 200 in 165ms
 ✓ Compiled in 311ms (615 modules)
 GET /tipps 200 in 47ms
 ✓ Compiled in 1142ms (615 modules)
 GET /tipps 200 in 280ms
 ✓ Compiled in 570ms (615 modules)
 GET /tipps 200 in 102ms
 ✓ Compiled in 3.7s (615 modules)
 GET /tipps 200 in 726ms
 ✓ Compiled in 1910ms (615 modules)
 ✓ Compiled in 729ms (615 modules)
 GET /tipps 200 in 275ms
 GET /tipps 200 in 63ms
 ✓ Compiled in 6.1s (615 modules)
 GET /tipps 200 in 193ms
 ✓ Compiled in 735ms (615 modules)
 GET /tipps 200 in 61ms
 ✓ Compiled in 1040ms (1446 modules)
 GET /tipps 200 in 248ms
 ✓ Compiled in 2.5s (1457 modules)
 GET /tipps 200 in 363ms
 ○ Compiling /[slug] ...
 ✓ Compiled /[slug] in 1818ms (1492 modules)
 GET /tipps 200 in 163ms
 GET /auth 404 in 4774ms
 ○ Compiling /icon.png ...
 ✓ Compiled /icon.png in 885ms (884 modules)
 GET /icon.png?73013a6b54b3d06a 200 in 1065ms
 ✓ Compiled in 421ms (625 modules)
 GET /tipps 200 in 251ms
 ✓ Compiled in 375ms (625 modules)
 GET /tipps 200 in 44ms
 ✓ Compiled in 303ms (625 modules)
 GET /tipps 200 in 41ms
 ○ Compiling /tipps/[slug] ...
 ✓ Compiled /tipps/[slug] in 3s (1516 modules)
 GET /tipps/website-kosten-oesterreich-2026 200 in 5212ms
 ○ Compiling /_not-found ...
 ✓ Compiled /_not-found in 12.4s (1538 modules)
 GET /images/hero/redrabbitmedialogo.png 404 in 13829ms
 GET /icon.png?73013a6b54b3d06a 200 in 14540ms
 ⨯ The requested resource isn't a valid image for /images/hero/redrabbitmedialogo.png received null
 ✓ Compiled in 2.2s (1497 modules)
 ✓ Compiled in 2.1s (630 modules)
 ✓ Compiled in 1597ms (630 modules)
 ⚠ Fast Refresh had to perform a full reload due to a runtime error.
 ○ Compiling /tipps/[slug] ...
 ✓ Compiled /tipps/[slug] in 1183ms (1514 modules)
 ⚠ Fast Refresh had to perform a full reload due to a runtime error.
 GET /tipps/website-kosten-oesterreich-2026 200 in 2052ms
 ○ Compiling /icon.png ...
 ✓ Compiled /icon.png in 1458ms (1522 modules)
 GET /images/hero/redrabbitmedialogo.png 404 in 2991ms
 GET /icon.png?73013a6b54b3d06a 200 in 3088ms
 ⨯ The requested resource isn't a valid image for /images/hero/redrabbitmedialogo.png received null
 ✓ Compiled in 4.5s (1536 modules)
 GET /tipps/website-kosten-oesterreich-2026 200 in 707ms
 ✓ Compiled in 1286ms (1537 modules)
 GET /tipps/website-kosten-oesterreich-2026 200 in 327ms
 GET /images/hero/redrabbitmedialogo.png 404 in 775ms
 ⨯ The requested resource isn't a valid image for /images/hero/redrabbitmedialogo.png received null
<w> [webpack.cache.PackFileCacheStrategy] Caching failed for pack: Error: ENOENT: no such file or directory, rename '/Users/McTomson/Desktop/Tomson/Websiten Intern/webredrabbitmedia/.next/cache/webpack/client-development/5.pack.gz_' -> '/Users/McTomson/Desktop/Tomson/Websiten Intern/webredrabbitmedia/.next/cache/webpack/client-development/5.pack.gz'
<w> [webpack.cache.PackFileCacheStrategy] Caching failed for pack: Error: ENOENT: no such file or directory, rename '/Users/McTomson/Desktop/Tomson/Websiten Intern/webredrabbitmedia/.next/cache/webpack/server-development/3.pack.gz_' -> '/Users/McTomson/Desktop/Tomson/Websiten Intern/webredrabbitmedia/.next/cache/webpack/server-development/3.pack.gz'
 ✓ Compiled in 82.4s (1550 modules)
 GET /uber-uns 404 in 45704ms
 GET /uber-uns 200 in 373ms
 GET /uber-uns 404 in 4792ms
 GET /icon.png?73013a6b54b3d06a 200 in 350ms
 ⨯ Error: Cannot find module './_ssr_components_Portfolio_tsx-_77640.js'
Require stack:
- /Users/McTomson/Desktop/Tomson/Websiten Intern/webredrabbitmedia/.next/server/webpack-runtime.js
- /Users/McTomson/Desktop/Tomson/Websiten Intern/webredrabbitmedia/.next/server/app/_not-found/page.js
- /Users/McTomson/Desktop/Tomson/Websiten Intern/webredrabbitmedia/node_modules/next/dist/server/require.js
- /Users/McTomson/Desktop/Tomson/Websiten Intern/webredrabbitmedia/node_modules/next/dist/server/load-components.js
- /Users/McTomson/Desktop/Tomson/Websiten Intern/webredrabbitmedia/node_modules/next/dist/build/utils.js
- /Users/McTomson/Desktop/Tomson/Websiten Intern/webredrabbitmedia/node_modules/next/dist/build/swc/options.js
- /Users/McTomson/Desktop/Tomson/Websiten Intern/webredrabbitmedia/node_modules/next/dist/build/swc/index.js
- /Users/McTomson/Desktop/Tomson/Websiten Intern/webredrabbitmedia/node_modules/next/dist/build/next-config-ts/transpile-config.js
- /Users/McTomson/Desktop/Tomson/Websiten Intern/webredrabbitmedia/node_modules/next/dist/server/config.js
- /Users/McTomson/Desktop/Tomson/Websiten Intern/webredrabbitmedia/node_modules/next/dist/server/next.js
- /Users/McTomson/Desktop/Tomson/Websiten Intern/webredrabbitmedia/node_modules/next/dist/server/lib/start-server.js
    at Portfolio.loadableGenerated.modules [as loader] (app/page.tsx:13:33)
    at eval (../../../../src/shared/lib/lazy-dynamic/loadable.tsx:43:32)
  11 |
  12 | // Below-the-fold - lazy laden für bessere Performance
> 13 | const Portfolio = dynamic(() => import('@/components/Portfolio'));
     |                                 ^
  14 | const Process = dynamic(() => import('@/components/Process'));
  15 | const SeoOptimization = dynamic(() => import('@/components/SeoOptimization'));
  16 | const About = dynamic(() => import('@/components/About')); {
  code: 'MODULE_NOT_FOUND',
  requireStack: [Array],
  digest: '1849936143'
}
 GET / 500 in 936ms
 ⨯ Error: Cannot find module './_ssr_components_Portfolio_tsx-_77640.js'
Require stack:
- /Users/McTomson/Desktop/Tomson/Websiten Intern/webredrabbitmedia/.next/server/webpack-runtime.js
- /Users/McTomson/Desktop/Tomson/Websiten Intern/webredrabbitmedia/.next/server/app/_not-found/page.js
- /Users/McTomson/Desktop/Tomson/Websiten Intern/webredrabbitmedia/node_modules/next/dist/server/require.js
- /Users/McTomson/Desktop/Tomson/Websiten Intern/webredrabbitmedia/node_modules/next/dist/server/load-components.js
- /Users/McTomson/Desktop/Tomson/Websiten Intern/webredrabbitmedia/node_modules/next/dist/build/utils.js
- /Users/McTomson/Desktop/Tomson/Websiten Intern/webredrabbitmedia/node_modules/next/dist/build/swc/options.js
- /Users/McTomson/Desktop/Tomson/Websiten Intern/webredrabbitmedia/node_modules/next/dist/build/swc/index.js
- /Users/McTomson/Desktop/Tomson/Websiten Intern/webredrabbitmedia/node_modules/next/dist/build/next-config-ts/transpile-config.js
- /Users/McTomson/Desktop/Tomson/Websiten Intern/webredrabbitmedia/node_modules/next/dist/server/config.js
- /Users/McTomson/Desktop/Tomson/Websiten Intern/webredrabbitmedia/node_modules/next/dist/server/next.js
- /Users/McTomson/Desktop/Tomson/Websiten Intern/webredrabbitmedia/node_modules/next/dist/server/lib/start-server.js
    at Portfolio.loadableGenerated.modules [as loader] (app/page.tsx:13:33)
    at eval (../../../../src/shared/lib/lazy-dynamic/loadable.tsx:43:32)
  11 |
  12 | // Below-the-fold - lazy laden für bessere Performance
> 13 | const Portfolio = dynamic(() => import('@/components/Portfolio'));
     |                                 ^
  14 | const Process = dynamic(() => import('@/components/Process'));
  15 | const SeoOptimization = dynamic(() => import('@/components/SeoOptimization'));
  16 | const About = dynamic(() => import('@/components/About')); {
  code: 'MODULE_NOT_FOUND',
  requireStack: [Array],
  digest: '1849936143'
}
 GET / 500 in 940ms
 ✓ Compiled in 44.6s (1530 modules)
 ✓ Compiled in 5.9s (1528 modules)
 ✓ Compiled in 2s (1528 modules)
 ✓ Compiled in 1300ms (1528 modules)
 ✓ Compiled in 635ms (1528 modules)
 ✓ Compiled in 1784ms (1528 modules)
 ✓ Compiled in 815ms (1528 modules)
 ✓ Compiled in 10.2s (1528 modules)
<w> [webpack.cache.PackFileCacheStrategy] Caching failed for pack: Error: ENOENT: no such file or directory, rename '/Users/McTomson/Desktop/Tomson/Websiten Intern/webredrabbitmedia/.next/cache/webpack/server-development/3.pack.gz_' -> '/Users/McTomson/Desktop/Tomson/Websiten Intern/webredrabbitmedia/.next/cache/webpack/server-development/3.pack.gz'
 ✓ Compiled in 3.3s (636 modules)
 ✓ Compiled in 11.4s (1530 modules)
